#
# There is insufficient memory for the Java Runtime Environment to continue.
# Native memory allocation (mmap) failed to map 251658240 bytes for Failed to commit area from 0x0000000711e00000 to 0x0000000720e00000 of length 251658240.
# Possible reasons:
#   The system is out of physical RAM or swap space
#   The process is running with CompressedOops enabled, and the Java Heap may be blocking the growth of the native heap
# Possible solutions:
#   Reduce memory load on the system
#   Increase physical memory or swap space
#   Check if swap backing store is full
#   Decrease Java heap size (-Xmx/-Xms)
#   Decrease number of Java threads
#   Decrease Java thread stack sizes (-Xss)
#   Set larger code cache with -XX:ReservedCodeCacheSize=
# This output file may be truncated or incomplete.
#
#  Out of Memory Error (c:/BuildAgent/work/5ff2f6c26000d570/src/hotspot/os/windows/os_windows.cpp:3281), pid=30956, tid=12760
#
# JRE version:  (11.0.4+10) (build )
# Java VM: OpenJDK 64-Bit Server VM (11.0.4+10-b304.77, mixed mode, aot, sharing, tiered, compressed oops, g1 gc, windows-amd64)
# No core dump will be written. Minidumps are not enabled by default on client versions of Windows
#

---------------  S U M M A R Y ------------

Command Line: org.jetbrains.git4idea.http.GitAskPassApp Username for 'https://github.com': 

Host: AMD Ryzen 5 3550H with Radeon Vega Mobile Gfx  , 8 cores, 14G,  Windows 10 , 64 bit Build 18362 (10.0.18362.329)
Time: Wed Nov 27 18:34:05 2019 ?D1¨²¡À¨º¡Á?¨º¡À?? elapsed time: 0 seconds (0d 0h 0m 0s)

---------------  T H R E A D  ---------------

Current thread (0x000002a83cfdd000):  JavaThread "Unknown thread" [_thread_in_vm, id=12760, stack(0x000000d94ad00000,0x000000d94ae00000)]

Stack: [0x000000d94ad00000,0x000000d94ae00000]
Native frames: (J=compiled Java code, j=interpreted, Vv=VM code, C=native code)
V  [jvm.dll+0x5db31a]
V  [jvm.dll+0x70c395]
V  [jvm.dll+0x70d8b8]
V  [jvm.dll+0x70df83]
V  [jvm.dll+0x23dbb8]
V  [jvm.dll+0x5d8a74]
V  [jvm.dll+0x5cdb05]
V  [jvm.dll+0x2fa5bb]
V  [jvm.dll+0x2fa52a]
V  [jvm.dll+0x2fa402]
V  [jvm.dll+0x2ff2c6]
V  [jvm.dll+0x347893]
V  [jvm.dll+0x347f96]
V  [jvm.dll+0x347993]
V  [jvm.dll+0x2d4e28]
V  [jvm.dll+0x2d5fd7]
V  [jvm.dll+0x6eb717]
V  [jvm.dll+0x6ecf0c]
V  [jvm.dll+0x354fb9]
V  [jvm.dll+0x6d35be]
V  [jvm.dll+0x3bd673]
V  [jvm.dll+0x3bf9f1]
C  [java.exe+0x3763]
C  [java.exe+0x17a0c]
C  [KERNEL32.DLL+0x17bd4]
C  [ntdll.dll+0x6ced1]


---------------  P R O C E S S  ---------------

Threads class SMR info:
_java_thread_list=0x000002a83ae28fa0, length=0, elements={
}

Java Threads: ( => current thread )

Other Threads:
  0x000002a83cfee000 GCTaskThread "GC Thread#0" [stack: 0x000000d94ae00000,0x000000d94af00000] [id=7628]
  0x000002a83d043800 ConcurrentGCThread "G1 Main Marker" [stack: 0x000000d94af00000,0x000000d94b000000] [id=3736]
  0x000002a83d048000 ConcurrentGCThread "G1 Conc#0" [stack: 0x000000d94b000000,0x000000d94b100000] [id=18628]

[error occurred during error reporting (printing all threads), id 0xc0000005, EXCEPTION_ACCESS_VIOLATION (0xc0000005) at pc=0x00007fff93835727]

VM state:not at safepoint (not fully initialized)

VM Mutex/Monitor currently owned by a thread:  ([mutex/lock_event])
[0x000002a83cfdadf0] Heap_lock - owner thread: 0x000002a83cfdd000

Heap address: 0x0000000711e00000, size: 3810 MB, Compressed Oops mode: Non-zero based: 0x0000000711e00000
Narrow klass base: 0x0000000000000000, Narrow klass shift: 0

GC Heap History (0 events):
No events

Deoptimization events (0 events):
No events

Classes redefined (0 events):
No events

Internal exceptions (0 events):
No events

Events (0 events):
No events


Dynamic libraries:
0x00007ff6b23b0000 - 0x00007ff6b23f7000 	D:\software\JetBrains\GoLand\jbr\bin\java.exe
0x00007fffd48c0000 - 0x00007fffd4ab0000 	C:\Windows\SYSTEM32\ntdll.dll
0x00007fffd42f0000 - 0x00007fffd43a2000 	C:\Windows\System32\KERNEL32.DLL
0x00007fffd2410000 - 0x00007fffd26b3000 	C:\Windows\System32\KERNELBASE.dll
0x00007fffd3090000 - 0x00007fffd3224000 	C:\Windows\System32\USER32.dll
0x00007fffd1b40000 - 0x00007fffd1b61000 	C:\Windows\System32\win32u.dll
0x00007fffd32d0000 - 0x00007fffd32f6000 	C:\Windows\System32\GDI32.dll
0x00007fffd2720000 - 0x00007fffd28b4000 	C:\Windows\System32\gdi32full.dll
0x00007fffd1aa0000 - 0x00007fffd1b3e000 	C:\Windows\System32\msvcp_win.dll
0x00007fffd1850000 - 0x00007fffd194a000 	C:\Windows\System32\ucrtbase.dll
0x00007fffbd880000 - 0x00007fffbdb05000 	C:\Windows\WinSxS\amd64_microsoft.windows.common-controls_6595b64144ccf1df_6.0.18362.476_none_e6c4b11b130f2595\COMCTL32.dll
0x00007fffd3230000 - 0x00007fffd32ce000 	C:\Windows\System32\msvcrt.dll
0x00007fffd43b0000 - 0x00007fffd46e6000 	C:\Windows\System32\combase.dll
0x00007fffd46f0000 - 0x00007fffd4810000 	C:\Windows\System32\RPCRT4.dll
0x00007fffd1b70000 - 0x00007fffd1bf0000 	C:\Windows\System32\bcryptPrimitives.dll
0x00007fffd3060000 - 0x00007fffd308e000 	C:\Windows\System32\IMM32.DLL
0x00007fffcd500000 - 0x00007fffcd517000 	D:\software\JetBrains\GoLand\jbr\bin\vcruntime140.dll
0x00007fffc7d00000 - 0x00007fffc7d9d000 	D:\software\JetBrains\GoLand\jbr\bin\msvcp140.dll
0x00007fff93550000 - 0x00007fff94008000 	D:\software\JetBrains\GoLand\jbr\bin\server\jvm.dll
0x00007fffd3420000 - 0x00007fffd34c3000 	C:\Windows\System32\ADVAPI32.dll
0x00007fffd3380000 - 0x00007fffd3417000 	C:\Windows\System32\sechost.dll
0x00007fffd3300000 - 0x00007fffd3308000 	C:\Windows\System32\PSAPI.DLL
0x00007fffc5f10000 - 0x00007fffc5f1a000 	C:\Windows\SYSTEM32\VERSION.dll
0x00007fffc74e0000 - 0x00007fffc7504000 	C:\Windows\SYSTEM32\WINMM.dll
0x00007fffcfcb0000 - 0x00007fffcfcb9000 	C:\Windows\SYSTEM32\WSOCK32.dll
0x00007fffd3310000 - 0x00007fffd337f000 	C:\Windows\System32\WS2_32.dll
0x00007fffc74b0000 - 0x00007fffc74dd000 	C:\Windows\SYSTEM32\WINMMBASE.dll
0x00007fffd23c0000 - 0x00007fffd240a000 	C:\Windows\System32\cfgmgr32.dll
0x00007fffd1810000 - 0x00007fffd1821000 	C:\Windows\System32\kernel.appcore.dll
0x00007fffcfc60000 - 0x00007fffcfc71000 	D:\software\JetBrains\GoLand\jbr\bin\verify.dll
0x00007fffd0110000 - 0x00007fffd0304000 	C:\Windows\SYSTEM32\DBGHELP.DLL
0x00007fffcac80000 - 0x00007fffcacaa000 	C:\Windows\SYSTEM32\dbgcore.DLL
0x00007fffc8ed0000 - 0x00007fffc8ef9000 	D:\software\JetBrains\GoLand\jbr\bin\java.dll
0x00007fffcd7e0000 - 0x00007fffcd7f7000 	D:\software\JetBrains\GoLand\jbr\bin\zip.dll
0x00007fffcfc90000 - 0x00007fffcfc9b000 	D:\software\JetBrains\GoLand\jbr\bin\jimage.dll

dbghelp: loaded successfully - version: 4.0.5 - missing functions: none
symbol engine: initialized successfully - sym options: 0x614 - pdb path: .;D:\software\JetBrains\GoLand\jbr\bin;C:\Windows\SYSTEM32;C:\Windows\WinSxS\amd64_microsoft.windows.common-controls_6595b64144ccf1df_6.0.18362.476_none_e6c4b11b130f2595;D:\software\JetBrains\GoLand\jbr\bin\server

VM Arguments:
java_command: org.jetbrains.git4idea.http.GitAskPassApp Username for 'https://github.com': 
java_class_path (initial): D:/software/JetBrains/GoLand/plugins/git4idea/lib/git4idea-rt.jar;D:/software/JetBrains/GoLand/lib/xmlrpc-2.0.1.jar;D:/software/JetBrains/GoLand/lib/commons-codec-1.13.jar;D:/software/JetBrains/GoLand/lib/util.jar
Launcher Type: SUN_STANDARD

[Global flags]
     intx CICompilerCount                          = 4                                         {product} {ergonomic}
     uint ConcGCThreads                            = 2                                         {product} {ergonomic}
     uint G1ConcRefinementThreads                  = 8                                         {product} {ergonomic}
   size_t G1HeapRegionSize                         = 1048576                                   {product} {ergonomic}
    uintx GCDrainStackTargetSize                   = 64                                        {product} {ergonomic}
   size_t InitialHeapSize                          = 251658240                                 {product} {ergonomic}
   size_t MarkStackSize                            = 4194304                                   {product} {ergonomic}
   size_t MaxHeapSize                              = 3995074560                                {product} {ergonomic}
   size_t MinHeapDeltaBytes                        = 1048576                                   {product} {ergonomic}
    uintx NonNMethodCodeHeapSize                   = 5835340                                {pd product} {ergonomic}
    uintx NonProfiledCodeHeapSize                  = 122911450                              {pd product} {ergonomic}
    uintx ProfiledCodeHeapSize                     = 122911450                              {pd product} {ergonomic}
    uintx ReservedCodeCacheSize                    = 251658240                              {pd product} {ergonomic}
     bool SegmentedCodeCache                       = true                                      {product} {ergonomic}
     bool UseCompressedClassPointers               = true                                 {lp64_product} {ergonomic}
     bool UseCompressedOops                        = true                                 {lp64_product} {ergonomic}
     bool UseG1GC                                  = true                                      {product} {ergonomic}
     bool UseLargePagesIndividualAllocation        = false                                  {pd product} {ergonomic}

Logging:
Log output configuration:
 #0: stdout all=warning uptime,level,tags
 #1: stderr all=off uptime,level,tags

Environment Variables:
JAVA_HOME=D:\software\JetBrains\IntelliJ-IDEA\jbr
CLASSPATH=.;D:\software\JetBrains\IntelliJ-IDEA\jbr\lib\dt.jar;D:\software\JetBrains\IntelliJ-IDEA\jbr\lib\tools.jar;
PATH=D:\software\Git\mingw64\libexec\git-core;D:\software\Git\mingw64\libexec\git-core;D:\software\Git\mingw64\bin;D:\software\Git\usr\bin;C:\Users\weili\bin;D:\software\NetSarang\Xshell 6;C:\Windows\system32;C:\Windows;C:\Windows\System32\Wbem;C:\Windows\System32\WindowsPowerShell\v1.0;C:\Windows\System32\OpenSSH;D:\software\Git\cmd;D:\software\nodejs;D:\software\Go\bin;C:\Program Files\MySQL\MySQL Shell 8.0\bin;C:\Users\weili\AppData\Local\Microsoft\WindowsApps;C:\Program Files\MySQL\MySQL Server 8.0\bin;C:\Users\weili\AppData\Local\GitHubDesktop\bin;D:\software\JetBrains\IntelliJ-IDEA\plugins\maven\lib\maven3\bin;D:\software\Microsoft VS Code\bin;C:\Users\weili\AppData\Roaming\npm;D:\software\JetBrains\GoLand\bin;D:\software\Go\bin;D:\software\JetBrains\IntelliJ-IDEA\jbr\bin
USERNAME=weili
DISPLAY=:0.0
OS=Windows_NT
PROCESSOR_IDENTIFIER=AMD64 Family 23 Model 24 Stepping 1, AuthenticAMD



---------------  S Y S T E M  ---------------

OS: Windows 10 , 64 bit Build 18362 (10.0.18362.329)

CPU:total 8 (initial active 8) (8 cores per cpu, 2 threads per core) family 23 model 24 stepping 1, cmov, cx8, fxsr, mmx, sse, sse2, sse3, ssse3, sse4.1, sse4.2, popcnt, avx, avx2, aes, clmul, mmxext, 3dnowpref, lzcnt, sse4a, ht, tsc, tscinvbit, tscinv, bmi1, bmi2, adx, sha, fma

Memory: 4k page, system-wide physical 15236M (4900M free)
TotalPageFile size 28036M (AvailPageFile size 234M)
current process WorkingSet (physical memory assigned to process): 10M, peak: 10M
current process commit charge ("private bytes"): 60M, peak: 300M

vm_info: OpenJDK 64-Bit Server VM (11.0.4+10-b304.77) for windows-amd64 JRE (11.0.4+10-b304.77), built on Oct 10 2019 15:02:36 by "" with MS VC++ 14.0 (VS2015)

END.
